<?xml version="1.0" encoding="UTF-8"?>
<!-- Generated by org.testng.reporters.JUnitReportReporter -->
<testsuite hostname="AslamBasha" failures="0" tests="2" name="TestCases.SwagLabAutomation" time="6.348" errors="0" timestamp="2024-09-26T22:54:55 IST" skipped="0">
  <testcase classname="TestCases.SwagLabAutomation" name="validLoginTest" time="2.819"/>
  <system-out/>
  <testcase classname="TestCases.SwagLabAutomation" name="invalidLoginTest" time="3.529"/>
  <system-out/>
</testsuite> <!-- TestCases.SwagLabAutomation -->
