<?xml version="1.0" encoding="UTF-8"?>
<!-- Generated by org.testng.reporters.JUnitReportReporter -->
<testsuite hostname="AslamBasha" failures="0" tests="2" name="TestCases.SwagLabAutomation" time="11.623" errors="0" timestamp="2024-09-13T22:24:06 IST" skipped="0">
  <testcase classname="TestCases.SwagLabAutomation" name="validLoginTest" time="5.815"/>
  <testcase classname="TestCases.SwagLabAutomation" name="invalidLoginTest" time="5.808"/>
</testsuite> <!-- TestCases.SwagLabAutomation -->
